C51 COMPILER V8.18   LAB1                                                                  03/13/2024 11:58:12 PAGE 1   


C51 COMPILER V8.18, COMPILATION OF MODULE LAB1
OBJECT MODULE PLACED IN Lab1.OBJ
COMPILER INVOKED BY: C:\SiLabs\MCU\IDEfiles\C51\BIN\C51.exe Lab1.c DB OE BR

line level    source

   1          #include "C8051F060.h"
   2          
   3          sbit a=P3^5;
   4          
   5          sbit b=P4^5;
   6          
   7          void PORT_sett (void);
   8          
   9          void work (void);
  10          
  11          void preobr (int);
  12          
  13          void TIM_sett (void);
  14          
  15          void delay (unsigned int del);
  16          
  17          int v[]={0xC0, 0xF9, 0xA4, 0xB0, 0x99, 0x92, 0x82, 0xF8, 0x80, 0x90};    // преобразуемые цифры
  18          
  19          int d[]={0, 0, 0, 1};                                     // вводите сюда данные
  20          
  21          int svet[]={0xDF, 0xBF, 0x7F, 0xEF};        //адреса индикаторов
  22          
  23          int i, p;
  24          
  25          int sec = 0;
  26          int value_tim = 0;
  27                  unsigned                int g;
  28          //p - переменная в которой храниться преобразуемое значение
  29          
  30          //i - счетчик сегментных индикаторов
  31          
  32          void main (void)
  33          
  34          {        SFRPAGE = CONFIG_PAGE;
  35   1      
  36   1               EA=0;                                               //
  37   1      
  38   1               WDTCN = 0xDE;   // выключение watchdog timer
  39   1      
  40   1               WDTCN = 0xAD;                  
  41   1      
  42   1               EA=1;                                              
  43   1      
  44   1               OSCICN = 0x83;                     // Настройка f=24.5 MHz
  45   1      
  46   1               PORT_sett ();
  47   1      
  48   1               while(1)
  49   1      
  50   1               {
  51   2                              if (value_tim > 9)
  52   2                              {
  53   3                                       value_tim = 0;
  54   3                              }
  55   2                              else
C51 COMPILER V8.18   LAB1                                                                  03/13/2024 11:58:12 PAGE 2   

  56   2                              {
  57   3                                      
  58   3                                      value_tim++;
  59   3                              }
  60   2      
  61   2                              d[0] = value_tim;
  62   2      
  63   2                              work ();
  64   2      
  65   2                       
  66   2                       
  67   2                       }
  68   1      
  69   1      }
  70          
  71          //настройка портов
  72          
  73          void PORT_sett (void)
  74          
  75          {
  76   1      
  77   1               SFRPAGE = CONFIG_PAGE;  
  78   1      
  79   1               XBR2 = 0x40;      //включаю матрицу ввода - вывода
  80   1      
  81   1               P3MDOUT=0xFF;
  82   1      
  83   1               P4MDOUT=0xFF;
  84   1      
  85   1               P5MDOUT=0xFF;
  86   1      
  87   1               P7MDOUT=0xFF;                  //настройка портов Р3-Р5, Р7 на вывод       
  88   1      
  89   1      }
  90          
  91          //настрока таймера для формирования задержки
  92          
  93          void TIM_sett (void)
  94          
  95          {
  96   1      
  97   1               SFRPAGE  = TIMER01_PAGE;
  98   1      
  99   1               TMOD  |= 0x01;             //для формирования 1 мс
 100   1      
 101   1      }
 102          
 103          void work (void)
 104          
 105          {        i=0;
 106   1      
 107   1               while (i<1)
 108   1      
 109   1               {preobr (i);
 110   2      
 111   2      //----------------------------------------------------------
 112   2      
 113   2      //Цыфра горит
 114   2      
 115   2               a=1;                               //запрет работы дешифратора
 116   2      
 117   2               b=0;                               //запрет работы регистра DD12
C51 COMPILER V8.18   LAB1                                                                  03/13/2024 11:58:12 PAGE 3   

 118   2      
 119   2               P5=p;                                      //горит цыфра
 120   2      
 121   2               P7=0xF8;                       // выбор светодиодов
 122   2      
 123   2               b=1;                    //Разрешение работы регистра DD12
 124   2      
 125   2               a=0;                      //Разрешение работы дешифратора
 126   2      
 127   2               a=1;                               //запрет работы дешифратора
 128   2      
 129   2               b=0;                               //запрет работы регистра DD12
 130   2      
 131   2               P5=svet[i];            //выбор индикатора
 132   2      
 133   2               P7=0xFD;
 134   2      
 135   2               b=1;           //Разрешение работы регистра DD12
 136   2      
 137   2               a=0;                      //Разрешение работы дешифратора
 138   2      
 139   2               delay (6000);
 140   2      
 141   2               i++;}                              //следующий разряд    
 142   1      
 143   1      }
 144          
 145          void preobr (int current_cel)
 146          
 147          // ввод:p преобразуемый символ, вывод:p- код на семисегментнике
 148          
 149          {        int t;
 150   1      
 151   1               t=0;
 152   1      
 153   1               while (t<10)
 154   1      
 155   1               {        if (t==d[i])   // ищем что за цифра
 156   2      
 157   2                        {
 158   3                                                      if( i == 1)
 159   3                                                      {
 160   4                                                              p = v[t] & 0x7F;
 161   4                                                      }
 162   3                                                      else
 163   3                                                      {
 164   4                                                              p=v[t];
 165   4                                                      }                                               
 166   3      
 167   3                                                      
 168   3                                        }              // загрузка кода цифры
 169   2      
 170   2                         t++;
 171   2                       }
 172   1      
 173   1      }
*** WARNING C280 IN LINE 145 OF LAB1.C: 'current_cel': unreferenced local variable
 174          
 175           
 176          
 177          //формирователь задержек
 178          
C51 COMPILER V8.18   LAB1                                                                  03/13/2024 11:58:12 PAGE 4   

 179          void delay (unsigned int del)
 180          
 181          {        SFRPAGE  = TIMER01_PAGE;
 182   1      
 183   1               //для мс
 184   1      
 185   1               TH0 = 0xFE;
 186   1      
 187   1               TL0 = 0x0B;
 188   1      
 189   1               TR0=1;
 190   1      
 191   1               while (del!=0)
 192   1      
 193   1               {        while (!TF0){}
 194   2      
 195   2                         TH0 = 0xFE;
 196   2      
 197   2                         TL0 = 0x0B;
 198   2      
 199   2                         del--;
 200   2      
 201   2                         TF0=0;       }       
 202   1      
 203   1               TR0=0;
 204   1      
 205   1               SFRPAGE = CONFIG_PAGE;
 206   1      
 207   1      }


MODULE INFORMATION:   STATIC OVERLAYABLE
   CODE SIZE        =    273    ----
   CONSTANT SIZE    =   ----    ----
   XDATA SIZE       =   ----    ----
   PDATA SIZE       =   ----    ----
   DATA SIZE        =     46       2
   IDATA SIZE       =   ----    ----
   BIT SIZE         =   ----    ----
END OF MODULE INFORMATION.


C51 COMPILATION COMPLETE.  1 WARNING(S),  0 ERROR(S)
